#
# There is insufficient memory for the Java Runtime Environment to continue.
# Native memory allocation (malloc) failed to allocate 32744 bytes. Error detail: Chunk::new
# Possible reasons:
#   The system is out of physical RAM or swap space
#   This process is running with CompressedOops enabled, and the Java Heap may be blocking the growth of the native heap
# Possible solutions:
#   Reduce memory load on the system
#   Increase physical memory or swap space
#   Check if swap backing store is full
#   Decrease Java heap size (-Xmx/-Xms)
#   Decrease number of Java threads
#   Decrease Java thread stack sizes (-Xss)
#   Set larger code cache with -XX:ReservedCodeCacheSize=
#   JVM is running with Unscaled Compressed Oops mode in which the Java heap is
#     placed in the first 4GB address space. The Java Heap base address is the
#     maximum limit for the native heap growth. Please use -XX:HeapBaseMinAddress
#     to set the Java Heap base and to place the Java Heap above 4GB virtual address.
# This output file may be truncated or incomplete.
#
#  Out of Memory Error (arena.cpp:168), pid=20632, tid=23188
#
# JRE version: OpenJDK Runtime Environment Temurin-21.0.6+7 (21.0.6+7) (build 21.0.6+7-LTS)
# Java VM: OpenJDK 64-Bit Server VM Temurin-21.0.6+7 (21.0.6+7-LTS, mixed mode, sharing, tiered, compressed oops, compressed class ptrs, parallel gc, windows-amd64)
# No core dump will be written. Minidumps are not enabled by default on client versions of Windows
#

---------------  S U M M A R Y ------------

Command Line: --add-modules=ALL-SYSTEM --add-opens=java.base/java.util=ALL-UNNAMED --add-opens=java.base/java.lang=ALL-UNNAMED --add-opens=java.base/sun.nio.fs=ALL-UNNAMED -Declipse.application=org.eclipse.jdt.ls.core.id1 -Dosgi.bundles.defaultStartLevel=4 -Declipse.product=org.eclipse.jdt.ls.core.product -Djava.import.generatesMetadataFilesAtProjectRoot=false -DDetectVMInstallationsJob.disabled=true -Dfile.encoding=utf8 -XX:+UseParallelGC -XX:GCTimeRatio=4 -XX:AdaptiveSizePolicyWeight=90 -Dsun.zip.disableMemoryMapping=true -Xmx1G -Xms100m -Xlog:disable -javaagent:c:\Users\Duongw\.vscode\extensions\redhat.java-1.40.0-win32-x64\lombok\lombok-1.18.36.jar c:\Users\Duongw\.vscode\extensions\redhat.java-1.40.0-win32-x64\server\plugins\org.eclipse.equinox.launcher_1.6.1000.v20250131-0606.jar -configuration c:\Users\Duongw\AppData\Roaming\Code\User\globalStorage\redhat.java\1.40.0\config_ss_win -data c:\Users\Duongw\AppData\Roaming\Code\User\workspaceStorage\f30b8daeaab68dc3f7ffc7221e4b2ea4\redhat.java\ss_ws --pipe=\\.\pipe\lsp-7a33e2db7e890e86501dc8d180259cdf-sock

Host: 11th Gen Intel(R) Core(TM) i5-1135G7 @ 2.40GHz, 8 cores, 31G,  Windows 10 , 64 bit Build 19041 (10.0.19041.5438)
Time: Wed Mar 12 16:52:57 2025 SE Asia Standard Time elapsed time: 55.786688 seconds (0d 0h 0m 55s)

---------------  T H R E A D  ---------------

Current thread (0x000002eddfdf8eb0):  JavaThread "C2 CompilerThread1" daemon [_thread_in_native, id=23188, stack(0x000000f549c00000,0x000000f549d00000) (1024K)]


Current CompileTask:
C2:55786 3816       4       java.io.DataOutputStream::writeLong (30 bytes)

Stack: [0x000000f549c00000,0x000000f549d00000]
Native frames: (J=compiled Java code, j=interpreted, Vv=VM code, C=native code)
V  [jvm.dll+0x6cdee9]
V  [jvm.dll+0x8a83d1]
V  [jvm.dll+0x8aa8fe]
V  [jvm.dll+0x8aafe3]
V  [jvm.dll+0x27f706]
V  [jvm.dll+0xc500d]
V  [jvm.dll+0xc5543]
V  [jvm.dll+0x656c0b]
V  [jvm.dll+0x656daf]
V  [jvm.dll+0x65c7e9]
V  [jvm.dll+0x65d7d6]
V  [jvm.dll+0x65bb6e]
V  [jvm.dll+0x247875]
V  [jvm.dll+0x246fcf]
V  [jvm.dll+0x1c75ee]
V  [jvm.dll+0x25685a]
V  [jvm.dll+0x254dfa]
V  [jvm.dll+0x3f0256]
V  [jvm.dll+0x851f8b]
V  [jvm.dll+0x6cc5ed]
C  [ucrtbase.dll+0x21bb2]
C  [KERNEL32.DLL+0x17374]
C  [ntdll.dll+0x4cc91]


---------------  P R O C E S S  ---------------

Threads class SMR info:
_java_thread_list=0x000002ede2170b10, length=35, elements={
0x000002edc47c7580, 0x000002edd8b722a0, 0x000002edd8b73400, 0x000002edd8b774b0,
0x000002edd8b7e300, 0x000002edd8b7ed50, 0x000002edd8b7f7a0, 0x000002edd8b7c800,
0x000002edda582030, 0x000002edda60d7c0, 0x000002edda87fa20, 0x000002eddf82d660,
0x000002eddf6eb5b0, 0x000002edd8bbcb70, 0x000002eddf00e8d0, 0x000002eddf427d80,
0x000002eddf9d2030, 0x000002eddf987fa0, 0x000002eddfb049e0, 0x000002eddfb06420,
0x000002eddfb05070, 0x000002eddfb06ab0, 0x000002eddfb05700, 0x000002eddfb05d90,
0x000002eddfb077d0, 0x000002eddfb07140, 0x000002eddfb07e60, 0x000002ede09ed950,
0x000002ede09ebf10, 0x000002ede09eed00, 0x000002ede09ee670, 0x000002ede09f0740,
0x000002ede09ec5a0, 0x000002ede09ef390, 0x000002eddfdf8eb0
}

Java Threads: ( => current thread )
  0x000002edc47c7580 JavaThread "main"                              [_thread_blocked, id=22124, stack(0x000000f547e00000,0x000000f547f00000) (1024K)]
  0x000002edd8b722a0 JavaThread "Reference Handler"          daemon [_thread_blocked, id=19712, stack(0x000000f548200000,0x000000f548300000) (1024K)]
  0x000002edd8b73400 JavaThread "Finalizer"                  daemon [_thread_blocked, id=8508, stack(0x000000f548300000,0x000000f548400000) (1024K)]
  0x000002edd8b774b0 JavaThread "Signal Dispatcher"          daemon [_thread_blocked, id=15684, stack(0x000000f548400000,0x000000f548500000) (1024K)]
  0x000002edd8b7e300 JavaThread "Attach Listener"            daemon [_thread_blocked, id=10120, stack(0x000000f548500000,0x000000f548600000) (1024K)]
  0x000002edd8b7ed50 JavaThread "Service Thread"             daemon [_thread_blocked, id=6916, stack(0x000000f548600000,0x000000f548700000) (1024K)]
  0x000002edd8b7f7a0 JavaThread "Monitor Deflation Thread"   daemon [_thread_blocked, id=17992, stack(0x000000f548700000,0x000000f548800000) (1024K)]
  0x000002edd8b7c800 JavaThread "C2 CompilerThread0"         daemon [_thread_in_native, id=14004, stack(0x000000f548800000,0x000000f548900000) (1024K)]
  0x000002edda582030 JavaThread "C1 CompilerThread0"         daemon [_thread_blocked, id=20940, stack(0x000000f548900000,0x000000f548a00000) (1024K)]
  0x000002edda60d7c0 JavaThread "Common-Cleaner"             daemon [_thread_blocked, id=6348, stack(0x000000f548a00000,0x000000f548b00000) (1024K)]
  0x000002edda87fa20 JavaThread "Notification Thread"        daemon [_thread_blocked, id=10132, stack(0x000000f548b00000,0x000000f548c00000) (1024K)]
  0x000002eddf82d660 JavaThread "Active Thread: Equinox Container: a9e2b3fd-4664-4e6e-994d-05cd7bd71156"        [_thread_blocked, id=16084, stack(0x000000f548c00000,0x000000f548d00000) (1024K)]
  0x000002eddf6eb5b0 JavaThread "Framework Event Dispatcher: Equinox Container: a9e2b3fd-4664-4e6e-994d-05cd7bd71156" daemon [_thread_blocked, id=18184, stack(0x000000f549300000,0x000000f549400000) (1024K)]
  0x000002edd8bbcb70 JavaThread "Start Level: Equinox Container: a9e2b3fd-4664-4e6e-994d-05cd7bd71156" daemon [_thread_blocked, id=7520, stack(0x000000f549400000,0x000000f549500000) (1024K)]
  0x000002eddf00e8d0 JavaThread "SCR Component Actor"        daemon [_thread_blocked, id=2876, stack(0x000000f549500000,0x000000f549600000) (1024K)]
  0x000002eddf427d80 JavaThread "Worker-JM"                         [_thread_blocked, id=784, stack(0x000000f549a00000,0x000000f549b00000) (1024K)]
  0x000002eddf9d2030 JavaThread "JNA Cleaner"                daemon [_thread_blocked, id=22268, stack(0x000000f549800000,0x000000f549900000) (1024K)]
  0x000002eddf987fa0 JavaThread "Worker-0"                          [_thread_blocked, id=22944, stack(0x000000f549900000,0x000000f549a00000) (1024K)]
  0x000002eddfb049e0 JavaThread "Worker-1"                          [_thread_blocked, id=17792, stack(0x000000f549b00000,0x000000f549c00000) (1024K)]
  0x000002eddfb06420 JavaThread "Thread-2"                   daemon [_thread_in_native, id=3616, stack(0x000000f54a000000,0x000000f54a100000) (1024K)]
  0x000002eddfb05070 JavaThread "Thread-3"                   daemon [_thread_in_native, id=7460, stack(0x000000f54a100000,0x000000f54a200000) (1024K)]
  0x000002eddfb06ab0 JavaThread "Thread-4"                   daemon [_thread_in_native, id=7624, stack(0x000000f54a200000,0x000000f54a300000) (1024K)]
  0x000002eddfb05700 JavaThread "Thread-5"                   daemon [_thread_in_native, id=22068, stack(0x000000f54a300000,0x000000f54a400000) (1024K)]
  0x000002eddfb05d90 JavaThread "Thread-6"                   daemon [_thread_in_native, id=6004, stack(0x000000f54a400000,0x000000f54a500000) (1024K)]
  0x000002eddfb077d0 JavaThread "Thread-7"                   daemon [_thread_in_native, id=14664, stack(0x000000f54a500000,0x000000f54a600000) (1024K)]
  0x000002eddfb07140 JavaThread "Thread-8"                   daemon [_thread_in_native, id=8464, stack(0x000000f54a600000,0x000000f54a700000) (1024K)]
  0x000002eddfb07e60 JavaThread "Thread-9"                   daemon [_thread_in_native, id=7528, stack(0x000000f54a700000,0x000000f54a800000) (1024K)]
  0x000002ede09ed950 JavaThread "Thread-10"                  daemon [_thread_in_native, id=12632, stack(0x000000f54a800000,0x000000f54a900000) (1024K)]
  0x000002ede09ebf10 JavaThread "pool-2-thread-1"                   [_thread_blocked, id=5704, stack(0x000000f54a900000,0x000000f54aa00000) (1024K)]
  0x000002ede09eed00 JavaThread "WorkspaceEventsHandler"            [_thread_blocked, id=12432, stack(0x000000f54aa00000,0x000000f54ab00000) (1024K)]
  0x000002ede09ee670 JavaThread "pool-1-thread-1"                   [_thread_blocked, id=672, stack(0x000000f54ab00000,0x000000f54ac00000) (1024K)]
  0x000002ede09f0740 JavaThread "Worker-2: Shutdown..."             [_thread_in_Java, id=21772, stack(0x000000f54ac00000,0x000000f54ad00000) (1024K)]
  0x000002ede09ec5a0 JavaThread "ForkJoinPool.commonPool-worker-1" daemon [_thread_blocked, id=19852, stack(0x000000f547b00000,0x000000f547c00000) (1024K)]
  0x000002ede09ef390 JavaThread "pool-3-thread-1"                   [_thread_blocked, id=3896, stack(0x000000f549700000,0x000000f549800000) (1024K)]
=>0x000002eddfdf8eb0 JavaThread "C2 CompilerThread1"         daemon [_thread_in_native, id=23188, stack(0x000000f549c00000,0x000000f549d00000) (1024K)]
Total: 35

Other Threads:
  0x000002edc23cf280 VMThread "VM Thread"                           [id=19340, stack(0x000000f548100000,0x000000f548200000) (1024K)]
  0x000002edc4834300 WatcherThread "VM Periodic Task Thread"        [id=3516, stack(0x000000f548000000,0x000000f548100000) (1024K)]
  0x000002edc23ceee0 WorkerThread "GC Thread#0"                     [id=9656, stack(0x000000f547f00000,0x000000f548000000) (1024K)]
  0x000002edc23ce060 WorkerThread "GC Thread#1"                     [id=18260, stack(0x000000f548d00000,0x000000f548e00000) (1024K)]
  0x000002edc23ce400 WorkerThread "GC Thread#2"                     [id=12436, stack(0x000000f548e00000,0x000000f548f00000) (1024K)]
  0x000002edc23ce7a0 WorkerThread "GC Thread#3"                     [id=492, stack(0x000000f548f00000,0x000000f549000000) (1024K)]
  0x000002eddf36e5a0 WorkerThread "GC Thread#4"                     [id=22164, stack(0x000000f549000000,0x000000f549100000) (1024K)]
  0x000002eddf36c8a0 WorkerThread "GC Thread#5"                     [id=2716, stack(0x000000f549100000,0x000000f549200000) (1024K)]
  0x000002eddf36c500 WorkerThread "GC Thread#6"                     [id=8420, stack(0x000000f549200000,0x000000f549300000) (1024K)]
  0x000002eddf36dac0 WorkerThread "GC Thread#7"                     [id=17812, stack(0x000000f549600000,0x000000f549700000) (1024K)]
Total: 10

Threads with active compile tasks:
C2 CompilerThread0  55826 3814       4       java.io.DataOutputStream::writeUTF (389 bytes)
C2 CompilerThread1  55827 3816       4       java.io.DataOutputStream::writeLong (30 bytes)
Total: 2

VM state: not at safepoint (normal execution)

VM Mutex/Monitor currently owned by a thread: None

Heap address: 0x00000000c0000000, size: 1024 MB, Compressed Oops mode: 32-bit

CDS archive(s) mapped at: [0x000002ed80000000-0x000002ed80ba0000-0x000002ed80ba0000), size 12189696, SharedBaseAddress: 0x000002ed80000000, ArchiveRelocationMode: 1.
Compressed class space mapped at: 0x000002ed81000000-0x000002edc1000000, reserved size: 1073741824
Narrow klass base: 0x000002ed80000000, Narrow klass shift: 0, Narrow klass range: 0x100000000

GC Precious Log:
 CardTable entry size: 512
 CPUs: 8 total, 8 available
 Memory: 32533M
 Large Page Support: Disabled
 NUMA Support: Disabled
 Compressed Oops: Enabled (32-bit)
 Alignments: Space 512K, Generation 512K, Heap 2M
 Heap Min Capacity: 100M
 Heap Initial Capacity: 100M
 Heap Max Capacity: 1G
 Pre-touch: Disabled
 Parallel Workers: 8

Heap:
 PSYoungGen      total 26624K, used 17411K [0x00000000eab00000, 0x00000000ec900000, 0x0000000100000000)
  eden space 23552K, 61% used [0x00000000eab00000,0x00000000eb942130,0x00000000ec200000)
  from space 3072K, 91% used [0x00000000ec280000,0x00000000ec53ec48,0x00000000ec580000)
  to   space 3584K, 0% used [0x00000000ec580000,0x00000000ec580000,0x00000000ec900000)
 ParOldGen       total 68608K, used 13173K [0x00000000c0000000, 0x00000000c4300000, 0x00000000eab00000)
  object space 68608K, 19% used [0x00000000c0000000,0x00000000c0cdd728,0x00000000c4300000)
 Metaspace       used 30214K, committed 31040K, reserved 1114112K
  class space    used 2955K, committed 3328K, reserved 1048576K

Card table byte_map: [0x000002edc4170000,0x000002edc4380000] _byte_map_base: 0x000002edc3b70000

Marking Bits: (ParMarkBitMap*) 0x00007ffac59a3260
 Begin Bits: [0x000002edd69c0000, 0x000002edd79c0000)
 End Bits:   [0x000002edd79c0000, 0x000002edd89c0000)

Polling page: 0x000002edc2600000

Metaspace:

Usage:
  Non-class:     26.62 MB used.
      Class:      2.89 MB used.
       Both:     29.51 MB used.

Virtual space:
  Non-class space:       64.00 MB reserved,      27.06 MB ( 42%) committed,  1 nodes.
      Class space:        1.00 GB reserved,       3.25 MB ( <1%) committed,  1 nodes.
             Both:        1.06 GB reserved,      30.31 MB (  3%) committed. 

Chunk freelists:
   Non-Class:  4.83 MB
       Class:  12.78 MB
        Both:  17.61 MB

MaxMetaspaceSize: unlimited
CompressedClassSpaceSize: 1.00 GB
Initial GC threshold: 21.00 MB
Current GC threshold: 35.00 MB
CDS: on
 - commit_granule_bytes: 65536.
 - commit_granule_words: 8192.
 - virtual_space_node_default_size: 8388608.
 - enlarge_chunks_in_place: 1.
 - use_allocation_guard: 0.


Internal statistics:

num_allocs_failed_limit: 3.
num_arena_births: 564.
num_arena_deaths: 14.
num_vsnodes_births: 2.
num_vsnodes_deaths: 0.
num_space_committed: 485.
num_space_uncommitted: 0.
num_chunks_returned_to_freelist: 17.
num_chunks_taken_from_freelist: 1758.
num_chunk_merges: 9.
num_chunk_splits: 1136.
num_chunks_enlarged: 712.
num_inconsistent_stats: 0.

CodeHeap 'non-profiled nmethods': size=120000Kb used=1949Kb max_used=1949Kb free=118050Kb
 bounds [0x000002edcf490000, 0x000002edcf700000, 0x000002edd69c0000]
CodeHeap 'profiled nmethods': size=120000Kb used=7452Kb max_used=7452Kb free=112547Kb
 bounds [0x000002edc79c0000, 0x000002edc8110000, 0x000002edceef0000]
CodeHeap 'non-nmethods': size=5760Kb used=1359Kb max_used=1422Kb free=4400Kb
 bounds [0x000002edceef0000, 0x000002edcf160000, 0x000002edcf490000]
 total_blobs=4453 nmethods=3811 adapters=548
 compilation: enabled
              stopped_count=0, restarted_count=0
 full_count=0

Compilation events (20 events):
Event: 55.752 Thread 0x000002edda582030 3809       3       org.eclipse.core.internal.dtree.DataTreeWriter::writeNode (182 bytes)
Event: 55.752 Thread 0x000002edd8b7c800 nmethod 3791 0x000002edcf673710 code [0x000002edcf673920, 0x000002edcf673df0]
Event: 55.752 Thread 0x000002edd8b7c800 3796   !   4       org.eclipse.core.internal.localstore.SafeFileOutputStream::write (20 bytes)
Event: 55.753 Thread 0x000002edda582030 nmethod 3809 0x000002edc8103610 code [0x000002edc81038c0, 0x000002edc8104580]
Event: 55.753 Thread 0x000002edda582030 3808       3       org.eclipse.core.internal.resources.ResourceInfo::getContentId (8 bytes)
Event: 55.753 Thread 0x000002edda582030 nmethod 3808 0x000002edc8104990 code [0x000002edc8104b20, 0x000002edc8104c30]
Event: 55.753 Thread 0x000002edda582030 3810       3       org.eclipse.core.internal.watson.ElementTreeWriter$1::writeData (25 bytes)
Event: 55.754 Thread 0x000002edda582030 nmethod 3810 0x000002edc8104d10 code [0x000002edc8104ee0, 0x000002edc8105100]
Event: 55.754 Thread 0x000002edda582030 3813       3       jdk.internal.misc.Unsafe::putShortUnaligned (14 bytes)
Event: 55.754 Thread 0x000002edda582030 nmethod 3813 0x000002edc8105210 code [0x000002edc81053c0, 0x000002edc81055f8]
Event: 55.754 Thread 0x000002edda582030 3811       3       org.eclipse.core.internal.resources.SaveManager::writeElement (36 bytes)
Event: 55.755 Thread 0x000002edda582030 nmethod 3811 0x000002edc8105710 code [0x000002edc81059a0, 0x000002edc8106498]
Event: 55.755 Thread 0x000002edda582030 3812       3       org.eclipse.core.internal.resources.ResourceInfo::writeTo (41 bytes)
Event: 55.755 Thread 0x000002edda582030 nmethod 3812 0x000002edc8106910 code [0x000002edc8106b00, 0x000002edc8107040]
Event: 55.762 Thread 0x000002edd8b7c800 nmethod 3796 0x000002edcf674310 code [0x000002edcf674540, 0x000002edcf674b40]
Event: 55.762 Thread 0x000002edd8b7c800 3814       4       java.io.DataOutputStream::writeUTF (389 bytes)
Event: 55.763 Thread 0x000002eddfdf8eb0 nmethod 3804 0x000002edcf675110 code [0x000002edcf675340, 0x000002edcf675d68]
Event: 55.764 Thread 0x000002eddfdf8eb0 3815       4       java.io.DataOutputStream::writeByte (14 bytes)
Event: 55.774 Thread 0x000002eddfdf8eb0 nmethod 3815 0x000002edcf676610 code [0x000002edcf676840, 0x000002edcf676f28]
Event: 55.774 Thread 0x000002eddfdf8eb0 3816       4       java.io.DataOutputStream::writeLong (30 bytes)

GC Heap History (20 events):
Event: 2.445 GC heap before
{Heap before GC invocations=1 (full 0):
 PSYoungGen      total 29696K, used 25600K [0x00000000eab00000, 0x00000000ecc00000, 0x0000000100000000)
  eden space 25600K, 100% used [0x00000000eab00000,0x00000000ec400000,0x00000000ec400000)
  from space 4096K, 0% used [0x00000000ec800000,0x00000000ec800000,0x00000000ecc00000)
  to   space 4096K, 0% used [0x00000000ec400000,0x00000000ec400000,0x00000000ec800000)
 ParOldGen       total 68608K, used 0K [0x00000000c0000000, 0x00000000c4300000, 0x00000000eab00000)
  object space 68608K, 0% used [0x00000000c0000000,0x00000000c0000000,0x00000000c4300000)
 Metaspace       used 4356K, committed 4608K, reserved 1114112K
  class space    used 437K, committed 512K, reserved 1048576K
}
Event: 2.454 GC heap after
{Heap after GC invocations=1 (full 0):
 PSYoungGen      total 29696K, used 3173K [0x00000000eab00000, 0x00000000ecc00000, 0x0000000100000000)
  eden space 25600K, 0% used [0x00000000eab00000,0x00000000eab00000,0x00000000ec400000)
  from space 4096K, 77% used [0x00000000ec400000,0x00000000ec7197f0,0x00000000ec800000)
  to   space 4096K, 0% used [0x00000000ec800000,0x00000000ec800000,0x00000000ecc00000)
 ParOldGen       total 68608K, used 16K [0x00000000c0000000, 0x00000000c4300000, 0x00000000eab00000)
  object space 68608K, 0% used [0x00000000c0000000,0x00000000c0004000,0x00000000c4300000)
 Metaspace       used 4356K, committed 4608K, reserved 1114112K
  class space    used 437K, committed 512K, reserved 1048576K
}
Event: 11.170 GC heap before
{Heap before GC invocations=2 (full 0):
 PSYoungGen      total 29696K, used 28773K [0x00000000eab00000, 0x00000000ecc00000, 0x0000000100000000)
  eden space 25600K, 100% used [0x00000000eab00000,0x00000000ec400000,0x00000000ec400000)
  from space 4096K, 77% used [0x00000000ec400000,0x00000000ec7197f0,0x00000000ec800000)
  to   space 4096K, 0% used [0x00000000ec800000,0x00000000ec800000,0x00000000ecc00000)
 ParOldGen       total 68608K, used 16K [0x00000000c0000000, 0x00000000c4300000, 0x00000000eab00000)
  object space 68608K, 0% used [0x00000000c0000000,0x00000000c0004000,0x00000000c4300000)
 Metaspace       used 8218K, committed 8512K, reserved 1114112K
  class space    used 812K, committed 960K, reserved 1048576K
}
Event: 11.176 GC heap after
{Heap after GC invocations=2 (full 0):
 PSYoungGen      total 29696K, used 4084K [0x00000000eab00000, 0x00000000ecc00000, 0x0000000100000000)
  eden space 25600K, 0% used [0x00000000eab00000,0x00000000eab00000,0x00000000ec400000)
  from space 4096K, 99% used [0x00000000ec800000,0x00000000ecbfd168,0x00000000ecc00000)
  to   space 4096K, 0% used [0x00000000ec400000,0x00000000ec400000,0x00000000ec800000)
 ParOldGen       total 68608K, used 845K [0x00000000c0000000, 0x00000000c4300000, 0x00000000eab00000)
  object space 68608K, 1% used [0x00000000c0000000,0x00000000c00d36a8,0x00000000c4300000)
 Metaspace       used 8218K, committed 8512K, reserved 1114112K
  class space    used 812K, committed 960K, reserved 1048576K
}
Event: 11.939 GC heap before
{Heap before GC invocations=3 (full 0):
 PSYoungGen      total 29696K, used 29684K [0x00000000eab00000, 0x00000000ecc00000, 0x0000000100000000)
  eden space 25600K, 100% used [0x00000000eab00000,0x00000000ec400000,0x00000000ec400000)
  from space 4096K, 99% used [0x00000000ec800000,0x00000000ecbfd168,0x00000000ecc00000)
  to   space 4096K, 0% used [0x00000000ec400000,0x00000000ec400000,0x00000000ec800000)
 ParOldGen       total 68608K, used 845K [0x00000000c0000000, 0x00000000c4300000, 0x00000000eab00000)
  object space 68608K, 1% used [0x00000000c0000000,0x00000000c00d36a8,0x00000000c4300000)
 Metaspace       used 12909K, committed 13440K, reserved 1114112K
  class space    used 1297K, committed 1536K, reserved 1048576K
}
Event: 11.944 GC heap after
{Heap after GC invocations=3 (full 0):
 PSYoungGen      total 29696K, used 4077K [0x00000000eab00000, 0x00000000ecc00000, 0x0000000100000000)
  eden space 25600K, 0% used [0x00000000eab00000,0x00000000eab00000,0x00000000ec400000)
  from space 4096K, 99% used [0x00000000ec400000,0x00000000ec7fb618,0x00000000ec800000)
  to   space 4096K, 0% used [0x00000000ec800000,0x00000000ec800000,0x00000000ecc00000)
 ParOldGen       total 68608K, used 2704K [0x00000000c0000000, 0x00000000c4300000, 0x00000000eab00000)
  object space 68608K, 3% used [0x00000000c0000000,0x00000000c02a43c8,0x00000000c4300000)
 Metaspace       used 12909K, committed 13440K, reserved 1114112K
  class space    used 1297K, committed 1536K, reserved 1048576K
}
Event: 12.675 GC heap before
{Heap before GC invocations=4 (full 0):
 PSYoungGen      total 29696K, used 29677K [0x00000000eab00000, 0x00000000ecc00000, 0x0000000100000000)
  eden space 25600K, 100% used [0x00000000eab00000,0x00000000ec400000,0x00000000ec400000)
  from space 4096K, 99% used [0x00000000ec400000,0x00000000ec7fb618,0x00000000ec800000)
  to   space 4096K, 0% used [0x00000000ec800000,0x00000000ec800000,0x00000000ecc00000)
 ParOldGen       total 68608K, used 2704K [0x00000000c0000000, 0x00000000c4300000, 0x00000000eab00000)
  object space 68608K, 3% used [0x00000000c0000000,0x00000000c02a43c8,0x00000000c4300000)
 Metaspace       used 16283K, committed 16960K, reserved 1114112K
  class space    used 1639K, committed 1920K, reserved 1048576K
}
Event: 12.683 GC heap after
{Heap after GC invocations=4 (full 0):
 PSYoungGen      total 29696K, used 4067K [0x00000000eab00000, 0x00000000ecc00000, 0x0000000100000000)
  eden space 25600K, 0% used [0x00000000eab00000,0x00000000eab00000,0x00000000ec400000)
  from space 4096K, 99% used [0x00000000ec800000,0x00000000ecbf8e00,0x00000000ecc00000)
  to   space 4096K, 0% used [0x00000000ec400000,0x00000000ec400000,0x00000000ec800000)
 ParOldGen       total 68608K, used 7224K [0x00000000c0000000, 0x00000000c4300000, 0x00000000eab00000)
  object space 68608K, 10% used [0x00000000c0000000,0x00000000c070e038,0x00000000c4300000)
 Metaspace       used 16283K, committed 16960K, reserved 1114112K
  class space    used 1639K, committed 1920K, reserved 1048576K
}
Event: 12.961 GC heap before
{Heap before GC invocations=5 (full 0):
 PSYoungGen      total 29696K, used 29667K [0x00000000eab00000, 0x00000000ecc00000, 0x0000000100000000)
  eden space 25600K, 100% used [0x00000000eab00000,0x00000000ec400000,0x00000000ec400000)
  from space 4096K, 99% used [0x00000000ec800000,0x00000000ecbf8e00,0x00000000ecc00000)
  to   space 4096K, 0% used [0x00000000ec400000,0x00000000ec400000,0x00000000ec800000)
 ParOldGen       total 68608K, used 7224K [0x00000000c0000000, 0x00000000c4300000, 0x00000000eab00000)
  object space 68608K, 10% used [0x00000000c0000000,0x00000000c070e038,0x00000000c4300000)
 Metaspace       used 19613K, committed 20224K, reserved 1114112K
  class space    used 1872K, committed 2176K, reserved 1048576K
}
Event: 12.965 GC heap after
{Heap after GC invocations=5 (full 0):
 PSYoungGen      total 29184K, used 4082K [0x00000000eab00000, 0x00000000ecf80000, 0x0000000100000000)
  eden space 25088K, 0% used [0x00000000eab00000,0x00000000eab00000,0x00000000ec380000)
  from space 4096K, 99% used [0x00000000ec400000,0x00000000ec7fcaa8,0x00000000ec800000)
  to   space 6144K, 0% used [0x00000000ec980000,0x00000000ec980000,0x00000000ecf80000)
 ParOldGen       total 68608K, used 7762K [0x00000000c0000000, 0x00000000c4300000, 0x00000000eab00000)
  object space 68608K, 11% used [0x00000000c0000000,0x00000000c0794968,0x00000000c4300000)
 Metaspace       used 19613K, committed 20224K, reserved 1114112K
  class space    used 1872K, committed 2176K, reserved 1048576K
}
Event: 13.072 GC heap before
{Heap before GC invocations=6 (full 0):
 PSYoungGen      total 29184K, used 13462K [0x00000000eab00000, 0x00000000ecf80000, 0x0000000100000000)
  eden space 25088K, 37% used [0x00000000eab00000,0x00000000eb429028,0x00000000ec380000)
  from space 4096K, 99% used [0x00000000ec400000,0x00000000ec7fcaa8,0x00000000ec800000)
  to   space 6144K, 0% used [0x00000000ec980000,0x00000000ec980000,0x00000000ecf80000)
 ParOldGen       total 68608K, used 7762K [0x00000000c0000000, 0x00000000c4300000, 0x00000000eab00000)
  object space 68608K, 11% used [0x00000000c0000000,0x00000000c0794968,0x00000000c4300000)
 Metaspace       used 20922K, committed 21504K, reserved 1114112K
  class space    used 1983K, committed 2240K, reserved 1048576K
}
Event: 13.080 GC heap after
{Heap after GC invocations=6 (full 0):
 PSYoungGen      total 29696K, used 4192K [0x00000000eab00000, 0x00000000ece00000, 0x0000000100000000)
  eden space 25088K, 0% used [0x00000000eab00000,0x00000000eab00000,0x00000000ec380000)
  from space 4608K, 90% used [0x00000000ec980000,0x00000000ecd982b0,0x00000000ece00000)
  to   space 4608K, 0% used [0x00000000ec500000,0x00000000ec500000,0x00000000ec980000)
 ParOldGen       total 68608K, used 7762K [0x00000000c0000000, 0x00000000c4300000, 0x00000000eab00000)
  object space 68608K, 11% used [0x00000000c0000000,0x00000000c0794968,0x00000000c4300000)
 Metaspace       used 20922K, committed 21504K, reserved 1114112K
  class space    used 1983K, committed 2240K, reserved 1048576K
}
Event: 13.080 GC heap before
{Heap before GC invocations=7 (full 1):
 PSYoungGen      total 29696K, used 4192K [0x00000000eab00000, 0x00000000ece00000, 0x0000000100000000)
  eden space 25088K, 0% used [0x00000000eab00000,0x00000000eab00000,0x00000000ec380000)
  from space 4608K, 90% used [0x00000000ec980000,0x00000000ecd982b0,0x00000000ece00000)
  to   space 4608K, 0% used [0x00000000ec500000,0x00000000ec500000,0x00000000ec980000)
 ParOldGen       total 68608K, used 7762K [0x00000000c0000000, 0x00000000c4300000, 0x00000000eab00000)
  object space 68608K, 11% used [0x00000000c0000000,0x00000000c0794968,0x00000000c4300000)
 Metaspace       used 20922K, committed 21504K, reserved 1114112K
  class space    used 1983K, committed 2240K, reserved 1048576K
}
Event: 13.118 GC heap after
{Heap after GC invocations=7 (full 1):
 PSYoungGen      total 29696K, used 0K [0x00000000eab00000, 0x00000000ece00000, 0x0000000100000000)
  eden space 25088K, 0% used [0x00000000eab00000,0x00000000eab00000,0x00000000ec380000)
  from space 4608K, 0% used [0x00000000ec980000,0x00000000ec980000,0x00000000ece00000)
  to   space 4608K, 0% used [0x00000000ec500000,0x00000000ec500000,0x00000000ec980000)
 ParOldGen       total 68608K, used 10987K [0x00000000c0000000, 0x00000000c4300000, 0x00000000eab00000)
  object space 68608K, 16% used [0x00000000c0000000,0x00000000c0abaee8,0x00000000c4300000)
 Metaspace       used 20909K, committed 21504K, reserved 1114112K
  class space    used 1979K, committed 2240K, reserved 1048576K
}
Event: 13.541 GC heap before
{Heap before GC invocations=8 (full 1):
 PSYoungGen      total 29696K, used 25088K [0x00000000eab00000, 0x00000000ece00000, 0x0000000100000000)
  eden space 25088K, 100% used [0x00000000eab00000,0x00000000ec380000,0x00000000ec380000)
  from space 4608K, 0% used [0x00000000ec980000,0x00000000ec980000,0x00000000ece00000)
  to   space 4608K, 0% used [0x00000000ec500000,0x00000000ec500000,0x00000000ec980000)
 ParOldGen       total 68608K, used 10987K [0x00000000c0000000, 0x00000000c4300000, 0x00000000eab00000)
  object space 68608K, 16% used [0x00000000c0000000,0x00000000c0abaee8,0x00000000c4300000)
 Metaspace       used 22799K, committed 23424K, reserved 1114112K
  class space    used 2125K, committed 2368K, reserved 1048576K
}
Event: 13.544 GC heap after
{Heap after GC invocations=8 (full 1):
 PSYoungGen      total 27648K, used 3030K [0x00000000eab00000, 0x00000000eca00000, 0x0000000100000000)
  eden space 24576K, 0% used [0x00000000eab00000,0x00000000eab00000,0x00000000ec300000)
  from space 3072K, 98% used [0x00000000ec500000,0x00000000ec7f5ae0,0x00000000ec800000)
  to   space 2048K, 0% used [0x00000000ec800000,0x00000000ec800000,0x00000000eca00000)
 ParOldGen       total 68608K, used 10995K [0x00000000c0000000, 0x00000000c4300000, 0x00000000eab00000)
  object space 68608K, 16% used [0x00000000c0000000,0x00000000c0abcee8,0x00000000c4300000)
 Metaspace       used 22799K, committed 23424K, reserved 1114112K
  class space    used 2125K, committed 2368K, reserved 1048576K
}
Event: 14.041 GC heap before
{Heap before GC invocations=9 (full 1):
 PSYoungGen      total 27648K, used 27606K [0x00000000eab00000, 0x00000000eca00000, 0x0000000100000000)
  eden space 24576K, 100% used [0x00000000eab00000,0x00000000ec300000,0x00000000ec300000)
  from space 3072K, 98% used [0x00000000ec500000,0x00000000ec7f5ae0,0x00000000ec800000)
  to   space 2048K, 0% used [0x00000000ec800000,0x00000000ec800000,0x00000000eca00000)
 ParOldGen       total 68608K, used 10995K [0x00000000c0000000, 0x00000000c4300000, 0x00000000eab00000)
  object space 68608K, 16% used [0x00000000c0000000,0x00000000c0abcee8,0x00000000c4300000)
 Metaspace       used 26002K, committed 26752K, reserved 1114112K
  class space    used 2471K, committed 2816K, reserved 1048576K
}
Event: 14.044 GC heap after
{Heap after GC invocations=9 (full 1):
 PSYoungGen      total 26112K, used 2039K [0x00000000eab00000, 0x00000000ecb80000, 0x0000000100000000)
  eden space 24064K, 0% used [0x00000000eab00000,0x00000000eab00000,0x00000000ec280000)
  from space 2048K, 99% used [0x00000000ec800000,0x00000000ec9fddf8,0x00000000eca00000)
  to   space 4608K, 0% used [0x00000000ec280000,0x00000000ec280000,0x00000000ec700000)
 ParOldGen       total 68608K, used 13165K [0x00000000c0000000, 0x00000000c4300000, 0x00000000eab00000)
  object space 68608K, 19% used [0x00000000c0000000,0x00000000c0cdb728,0x00000000c4300000)
 Metaspace       used 26002K, committed 26752K, reserved 1114112K
  class space    used 2471K, committed 2816K, reserved 1048576K
}
Event: 14.359 GC heap before
{Heap before GC invocations=10 (full 1):
 PSYoungGen      total 26112K, used 26097K [0x00000000eab00000, 0x00000000ecb80000, 0x0000000100000000)
  eden space 24064K, 99% used [0x00000000eab00000,0x00000000ec27e988,0x00000000ec280000)
  from space 2048K, 99% used [0x00000000ec800000,0x00000000ec9fddf8,0x00000000eca00000)
  to   space 4608K, 0% used [0x00000000ec280000,0x00000000ec280000,0x00000000ec700000)
 ParOldGen       total 68608K, used 13165K [0x00000000c0000000, 0x00000000c4300000, 0x00000000eab00000)
  object space 68608K, 19% used [0x00000000c0000000,0x00000000c0cdb728,0x00000000c4300000)
 Metaspace       used 28437K, committed 29184K, reserved 1114112K
  class space    used 2755K, committed 3072K, reserved 1048576K
}
Event: 14.363 GC heap after
{Heap after GC invocations=10 (full 1):
 PSYoungGen      total 26624K, used 2811K [0x00000000eab00000, 0x00000000ec900000, 0x0000000100000000)
  eden space 23552K, 0% used [0x00000000eab00000,0x00000000eab00000,0x00000000ec200000)
  from space 3072K, 91% used [0x00000000ec280000,0x00000000ec53ec48,0x00000000ec580000)
  to   space 3584K, 0% used [0x00000000ec580000,0x00000000ec580000,0x00000000ec900000)
 ParOldGen       total 68608K, used 13173K [0x00000000c0000000, 0x00000000c4300000, 0x00000000eab00000)
  object space 68608K, 19% used [0x00000000c0000000,0x00000000c0cdd728,0x00000000c4300000)
 Metaspace       used 28437K, committed 29184K, reserved 1114112K
  class space    used 2755K, committed 3072K, reserved 1048576K
}

Dll operation events (10 events):
Event: 0.065 Loaded shared library c:\Users\Duongw\.vscode\extensions\redhat.java-1.40.0-win32-x64\jre\21.0.6-win32-x86_64\bin\java.dll
Event: 0.256 Loaded shared library c:\Users\Duongw\.vscode\extensions\redhat.java-1.40.0-win32-x64\jre\21.0.6-win32-x86_64\bin\zip.dll
Event: 0.291 Loaded shared library C:\Users\Duongw\.vscode\extensions\redhat.java-1.40.0-win32-x64\jre\21.0.6-win32-x86_64\bin\instrument.dll
Event: 0.311 Loaded shared library C:\Users\Duongw\.vscode\extensions\redhat.java-1.40.0-win32-x64\jre\21.0.6-win32-x86_64\bin\net.dll
Event: 0.315 Loaded shared library C:\Users\Duongw\.vscode\extensions\redhat.java-1.40.0-win32-x64\jre\21.0.6-win32-x86_64\bin\nio.dll
Event: 0.322 Loaded shared library C:\Users\Duongw\.vscode\extensions\redhat.java-1.40.0-win32-x64\jre\21.0.6-win32-x86_64\bin\zip.dll
Event: 0.361 Loaded shared library C:\Users\Duongw\.vscode\extensions\redhat.java-1.40.0-win32-x64\jre\21.0.6-win32-x86_64\bin\jimage.dll
Event: 0.524 Loaded shared library c:\Users\Duongw\.vscode\extensions\redhat.java-1.40.0-win32-x64\jre\21.0.6-win32-x86_64\bin\verify.dll
Event: 11.110 Loaded shared library C:\Users\Duongw\AppData\Roaming\Code\User\globalStorage\redhat.java\1.40.0\config_ss_win\org.eclipse.equinox.launcher\org.eclipse.equinox.launcher.win32.win32.x86_64_1.2.1200.v20250212-0927\eclipse_11909.dll
Event: 12.485 Loaded shared library C:\Users\Duongw\AppData\Local\Temp\jna-2058250048\jna6169523398138101592.dll

Deoptimization events (20 events):
Event: 14.592 Thread 0x000002eddf987fa0 Uncommon trap: trap_request=0xffffffde fr.pc=0x000002edcf65cc2c relative=0x000000000000534c
Event: 14.592 Thread 0x000002eddf987fa0 Uncommon trap: reason=class_check action=maybe_recompile pc=0x000002edcf65cc2c method=org.eclipse.core.internal.watson.ElementTreeIterator.doIteration(Lorg/eclipse/core/internal/dtree/DataTreeNode;Lorg/eclipse/core/internal/watson/IElementContentVisitor;)
Event: 14.592 Thread 0x000002eddf987fa0 DEOPT PACKING pc=0x000002edcf65cc2c sp=0x000000f5499fe830
Event: 14.592 Thread 0x000002eddf987fa0 DEOPT UNPACKING pc=0x000002edcef46da2 sp=0x000000f5499fe890 mode 2
Event: 14.603 Thread 0x000002eddf987fa0 Uncommon trap: trap_request=0xffffff45 fr.pc=0x000002edcf665210 relative=0x0000000000000070
Event: 14.603 Thread 0x000002eddf987fa0 Uncommon trap: reason=unstable_if action=reinterpret pc=0x000002edcf665210 method=org.eclipse.core.internal.resources.ResourceInfo.getMarkers(Z)Lorg/eclipse/core/internal/resources/MarkerSet; @ 4 c2
Event: 14.603 Thread 0x000002eddf987fa0 DEOPT PACKING pc=0x000002edcf665210 sp=0x000000f5499feb40
Event: 14.603 Thread 0x000002eddf987fa0 DEOPT UNPACKING pc=0x000002edcef46da2 sp=0x000000f5499feae0 mode 2
Event: 14.652 Thread 0x000002ede09ee670 Uncommon trap: trap_request=0xffffff45 fr.pc=0x000002edcf4d6eec relative=0x00000000000004ec
Event: 14.652 Thread 0x000002ede09ee670 Uncommon trap: reason=unstable_if action=reinterpret pc=0x000002edcf4d6eec method=java.util.HashMap$HashIterator.<init>(Ljava/util/HashMap;)V @ 45 c2
Event: 14.652 Thread 0x000002ede09ee670 DEOPT PACKING pc=0x000002edcf4d6eec sp=0x000000f54abfe5f0
Event: 14.652 Thread 0x000002ede09ee670 DEOPT UNPACKING pc=0x000002edcef46da2 sp=0x000000f54abfe460 mode 2
Event: 14.888 Thread 0x000002eddf987fa0 Uncommon trap: trap_request=0xffffff45 fr.pc=0x000002edcf61f7e8 relative=0x00000000000000c8
Event: 14.888 Thread 0x000002eddf987fa0 Uncommon trap: reason=unstable_if action=reinterpret pc=0x000002edcf61f7e8 method=org.eclipse.core.internal.resources.Resource.isMember(II)Z @ 17 c2
Event: 14.888 Thread 0x000002eddf987fa0 DEOPT PACKING pc=0x000002edcf61f7e8 sp=0x000000f5499fef50
Event: 14.888 Thread 0x000002eddf987fa0 DEOPT UNPACKING pc=0x000002edcef46da2 sp=0x000000f5499feee8 mode 2
Event: 55.733 Thread 0x000002ede09f0740 Uncommon trap: trap_request=0xffffffde fr.pc=0x000002edcf5309b4 relative=0x00000000000006f4
Event: 55.733 Thread 0x000002ede09f0740 Uncommon trap: reason=class_check action=maybe_recompile pc=0x000002edcf5309b4 method=java.util.HashMap.computeIfAbsent(Ljava/lang/Object;Ljava/util/function/Function;)Ljava/lang/Object; @ 188 c2
Event: 55.733 Thread 0x000002ede09f0740 DEOPT PACKING pc=0x000002edcf5309b4 sp=0x000000f54acff020
Event: 55.733 Thread 0x000002ede09f0740 DEOPT UNPACKING pc=0x000002edcef46da2 sp=0x000000f54acfefc8 mode 2

Classes loaded (20 events):
Event: 55.682 Loading class java/util/concurrent/CompletableFuture$UniExceptionally
Event: 55.682 Loading class java/util/concurrent/CompletableFuture$UniExceptionally done
Event: 55.689 Loading class java/util/concurrent/Executors$DelegatedScheduledExecutorService
Event: 55.690 Loading class java/util/concurrent/Executors$DelegatedExecutorService
Event: 55.690 Loading class java/util/concurrent/Executors$DelegatedExecutorService done
Event: 55.690 Loading class java/util/concurrent/Executors$DelegatedScheduledExecutorService done
Event: 55.698 Loading class java/util/concurrent/ConcurrentHashMap$EntrySpliterator
Event: 55.699 Loading class java/util/concurrent/ConcurrentHashMap$EntrySpliterator done
Event: 55.709 Loading class java/util/concurrent/ForkJoinTask$AdaptedCallable
Event: 55.710 Loading class java/util/concurrent/ForkJoinTask$AdaptedCallable done
Event: 55.712 Loading class java/util/stream/Nodes$CollectorTask$OfRef
Event: 55.712 Loading class java/util/stream/Nodes$CollectorTask
Event: 55.713 Loading class java/util/stream/Nodes$CollectorTask done
Event: 55.713 Loading class java/util/stream/Nodes$CollectorTask$OfRef done
Event: 55.713 Loading class java/util/function/LongFunction
Event: 55.713 Loading class java/util/function/LongFunction done
Event: 55.713 Loading class java/util/stream/Nodes$ConcNode
Event: 55.713 Loading class java/util/stream/Nodes$AbstractConcNode
Event: 55.714 Loading class java/util/stream/Nodes$AbstractConcNode done
Event: 55.714 Loading class java/util/stream/Nodes$ConcNode done

Classes unloaded (7 events):
Event: 13.090 Thread 0x000002edc23cf280 Unloading class 0x000002ed81184c00 'java/lang/invoke/LambdaForm$MH+0x000002ed81184c00'
Event: 13.090 Thread 0x000002edc23cf280 Unloading class 0x000002ed81184800 'java/lang/invoke/LambdaForm$MH+0x000002ed81184800'
Event: 13.090 Thread 0x000002edc23cf280 Unloading class 0x000002ed81184400 'java/lang/invoke/LambdaForm$MH+0x000002ed81184400'
Event: 13.090 Thread 0x000002edc23cf280 Unloading class 0x000002ed81184000 'java/lang/invoke/LambdaForm$MH+0x000002ed81184000'
Event: 13.090 Thread 0x000002edc23cf280 Unloading class 0x000002ed81183c00 'java/lang/invoke/LambdaForm$BMH+0x000002ed81183c00'
Event: 13.090 Thread 0x000002edc23cf280 Unloading class 0x000002ed81183800 'java/lang/invoke/LambdaForm$DMH+0x000002ed81183800'
Event: 13.090 Thread 0x000002edc23cf280 Unloading class 0x000002ed81182400 'java/lang/invoke/LambdaForm$DMH+0x000002ed81182400'

Classes redefined (0 events):
No events

Internal exceptions (20 events):
Event: 14.170 Thread 0x000002eddf987fa0 Exception <a 'sun/nio/fs/WindowsException'{0x00000000eb83da40}> (0x00000000eb83da40) 
thrown [s\src\hotspot\share\prims\jni.cpp, line 520]
Event: 14.170 Thread 0x000002eddf987fa0 Exception <a 'sun/nio/fs/WindowsException'{0x00000000eb83e070}> (0x00000000eb83e070) 
thrown [s\src\hotspot\share\prims\jni.cpp, line 520]
Event: 14.171 Thread 0x000002eddf987fa0 Exception <a 'sun/nio/fs/WindowsException'{0x00000000eb83f590}> (0x00000000eb83f590) 
thrown [s\src\hotspot\share\prims\jni.cpp, line 520]
Event: 14.172 Thread 0x000002eddf987fa0 Exception <a 'sun/nio/fs/WindowsException'{0x00000000eb83fbc0}> (0x00000000eb83fbc0) 
thrown [s\src\hotspot\share\prims\jni.cpp, line 520]
Event: 14.175 Thread 0x000002eddf987fa0 Exception <a 'java/lang/NoSuchMethodError'{0x00000000eb88d6f0}: 'void java.lang.invoke.DirectMethodHandle$Holder.invokeVirtual(java.lang.Object, java.lang.Object, java.lang.Object, java.lang.Object)'> (0x00000000eb88d6f0) 
thrown [s\src\hotspot\share\interpreter\linkResolver.cpp, line 773]
Event: 14.292 Thread 0x000002edc47c7580 Exception <a 'java/lang/NoSuchMethodError'{0x00000000ebff6028}: 'void java.lang.invoke.DirectMethodHandle$Holder.invokeSpecial(java.lang.Object, java.lang.Object, java.lang.Object, java.lang.Object, java.lang.Object, java.lang.Object)'> (0x00000000ebff6028) 
thrown [s\src\hotspot\share\interpreter\linkResolver.cpp, line 773]
Event: 14.294 Thread 0x000002edc47c7580 Exception <a 'java/lang/IncompatibleClassChangeError'{0x00000000ebffe1a8}: Found class java.lang.Object, but interface was expected> (0x00000000ebffe1a8) 
thrown [s\src\hotspot\share\interpreter\linkResolver.cpp, line 840]
Event: 14.295 Thread 0x000002edc47c7580 Exception <a 'java/lang/IncompatibleClassChangeError'{0x00000000ec000148}: Found class java.lang.Object, but interface was expected> (0x00000000ec000148) 
thrown [s\src\hotspot\share\interpreter\linkResolver.cpp, line 840]
Event: 14.310 Thread 0x000002eddf987fa0 Exception <a 'java/io/FileNotFoundException'{0x00000000ec0d5340}> (0x00000000ec0d5340) 
thrown [s\src\hotspot\share\prims\jni.cpp, line 520]
Event: 14.311 Thread 0x000002eddf987fa0 Exception <a 'java/io/FileNotFoundException'{0x00000000ec0d65d0}> (0x00000000ec0d65d0) 
thrown [s\src\hotspot\share\prims\jni.cpp, line 520]
Event: 14.312 Thread 0x000002eddf987fa0 Exception <a 'java/lang/NoSuchMethodError'{0x00000000ec10a898}: 'java.lang.Object java.lang.invoke.DirectMethodHandle$Holder.newInvokeSpecial(java.lang.Object, java.lang.Object, java.lang.Object, int)'> (0x00000000ec10a898) 
thrown [s\src\hotspot\share\interpreter\linkResolver.cpp, line 773]
Event: 14.312 Thread 0x000002eddf987fa0 Exception <a 'java/lang/NoSuchMethodError'{0x00000000ec10e4b0}: 'java.lang.Object java.lang.invoke.DirectMethodHandle$Holder.invokeSpecial(java.lang.Object, java.lang.Object, java.lang.Object, java.lang.Object, int)'> (0x00000000ec10e4b0) 
thrown [s\src\hotspot\share\interpreter\linkResolver.cpp, line 773]
Event: 14.313 Thread 0x000002eddf987fa0 Exception <a 'java/lang/NoSuchMethodError'{0x00000000ec111948}: 'java.lang.Object java.lang.invoke.Invokers$Holder.linkToTargetMethod(java.lang.Object, java.lang.Object, int, java.lang.Object)'> (0x00000000ec111948) 
thrown [s\src\hotspot\share\interpreter\linkResolver.cpp, line 773]
Event: 14.316 Thread 0x000002eddf987fa0 Exception <a 'java/lang/NoSuchMethodError'{0x00000000ec1302f8}: 'void java.lang.invoke.DirectMethodHandle$Holder.invokeStaticInit(java.lang.Object, java.lang.Object, java.lang.Object)'> (0x00000000ec1302f8) 
thrown [s\src\hotspot\share\interpreter\linkResolver.cpp, line 773]
Event: 14.502 Thread 0x000002ede09ee670 Exception <a 'java/lang/NoSuchMethodError'{0x00000000eb04ce10}: 'java.lang.Object java.lang.invoke.DirectMethodHandle$Holder.invokeInterface(java.lang.Object, java.lang.Object, java.lang.Object)'> (0x00000000eb04ce10) 
thrown [s\src\hotspot\share\interpreter\linkResolver.cpp, line 773]
Event: 14.523 Thread 0x000002ede09ee670 Exception <a 'java/io/FileNotFoundException'{0x00000000eb0d4fb8}> (0x00000000eb0d4fb8) 
thrown [s\src\hotspot\share\prims\jni.cpp, line 520]
Event: 14.559 Thread 0x000002ede09ee670 Exception <a 'sun/nio/fs/WindowsException'{0x00000000eb253d10}> (0x00000000eb253d10) 
thrown [s\src\hotspot\share\prims\jni.cpp, line 520]
Event: 14.651 Thread 0x000002ede09ee670 Exception <a 'java/lang/IncompatibleClassChangeError'{0x00000000eb50f000}: Found class java.lang.Object, but interface was expected> (0x00000000eb50f000) 
thrown [s\src\hotspot\share\interpreter\linkResolver.cpp, line 840]
Event: 55.686 Thread 0x000002ede09ee670 Exception <a 'java/lang/NoSuchMethodError'{0x00000000eb6e7930}: 'void java.lang.invoke.DirectMethodHandle$Holder.invokeInterface(java.lang.Object, java.lang.Object)'> (0x00000000eb6e7930) 
thrown [s\src\hotspot\share\interpreter\linkResolver.cpp, line 773]
Event: 55.723 Thread 0x000002ede09f0740 Exception <a 'java/io/FileNotFoundException'{0x00000000eb7e61c0}> (0x00000000eb7e61c0) 
thrown [s\src\hotspot\share\prims\jni.cpp, line 520]

ZGC Phase Switch (0 events):
No events

VM Operations (20 events):
Event: 13.608 Executing VM operation: HandshakeAllThreads (Deoptimize)
Event: 13.608 Executing VM operation: HandshakeAllThreads (Deoptimize) done
Event: 13.608 Executing VM operation: HandshakeAllThreads (Deoptimize)
Event: 13.609 Executing VM operation: HandshakeAllThreads (Deoptimize) done
Event: 13.760 Executing VM operation: HandshakeAllThreads (Deoptimize)
Event: 13.760 Executing VM operation: HandshakeAllThreads (Deoptimize) done
Event: 14.041 Executing VM operation: ParallelGCFailedAllocation (Allocation Failure)
Event: 14.044 Executing VM operation: ParallelGCFailedAllocation (Allocation Failure) done
Event: 14.359 Executing VM operation: ParallelGCFailedAllocation (Allocation Failure)
Event: 14.363 Executing VM operation: ParallelGCFailedAllocation (Allocation Failure) done
Event: 14.511 Executing VM operation: HandshakeAllThreads (Deoptimize)
Event: 14.511 Executing VM operation: HandshakeAllThreads (Deoptimize) done
Event: 14.588 Executing VM operation: HandshakeAllThreads (Deoptimize)
Event: 14.588 Executing VM operation: HandshakeAllThreads (Deoptimize) done
Event: 15.588 Executing VM operation: Cleanup
Event: 15.589 Executing VM operation: Cleanup done
Event: 55.731 Executing VM operation: HandshakeAllThreads (Deoptimize)
Event: 55.731 Executing VM operation: HandshakeAllThreads (Deoptimize) done
Event: 55.731 Executing VM operation: Cleanup
Event: 55.731 Executing VM operation: Cleanup done

Memory protections (0 events):
No events

Nmethod flushes (0 events):
No events

Events (20 events):
Event: 13.974 Thread 0x000002edc47c7580 Thread added: 0x000002eddfb05070
Event: 13.975 Thread 0x000002edc47c7580 Thread added: 0x000002eddfb06ab0
Event: 13.975 Thread 0x000002edc47c7580 Thread added: 0x000002eddfb05700
Event: 13.975 Thread 0x000002edc47c7580 Thread added: 0x000002eddfb05d90
Event: 13.975 Thread 0x000002edc47c7580 Thread added: 0x000002eddfb077d0
Event: 13.975 Thread 0x000002edc47c7580 Thread added: 0x000002eddfb07140
Event: 13.975 Thread 0x000002edc47c7580 Thread added: 0x000002eddfb07e60
Event: 13.975 Thread 0x000002edc47c7580 Thread added: 0x000002ede09ed950
Event: 14.002 Thread 0x000002edc47c7580 Thread added: 0x000002ede09ebf10
Event: 14.320 Thread 0x000002edc47c7580 Thread added: 0x000002ede09eed00
Event: 14.321 Thread 0x000002edc47c7580 Thread added: 0x000002ede09ee670
Event: 14.321 Thread 0x000002eddfb049e0 Thread added: 0x000002ede09f0740
Event: 14.889 Thread 0x000002eddf57b930 Thread exited: 0x000002eddf57b930
Event: 17.609 Thread 0x000002edda8bc340 Thread exited: 0x000002edda8bc340
Event: 19.903 Thread 0x000002eddfdf8eb0 Thread exited: 0x000002eddfdf8eb0
Event: 55.682 Thread 0x000002ede09ee670 Thread added: 0x000002ede09ec5a0
Event: 55.691 Thread 0x000002ede09ee670 Thread added: 0x000002ede09ef390
Event: 55.710 Thread 0x000002ede09f0740 Thread added: 0x000002ede09edfe0
Event: 55.715 Thread 0x000002ede09edfe0 Thread exited: 0x000002ede09edfe0
Event: 55.741 Thread 0x000002edd8b7c800 Thread added: 0x000002eddfdf8eb0


Dynamic libraries:
0x00007ff62a440000 - 0x00007ff62a44e000 	c:\Users\Duongw\.vscode\extensions\redhat.java-1.40.0-win32-x64\jre\21.0.6-win32-x86_64\bin\java.exe
0x00007ffb526b0000 - 0x00007ffb528a8000 	C:\Windows\SYSTEM32\ntdll.dll
0x00007ffb506d0000 - 0x00007ffb50792000 	C:\Windows\System32\KERNEL32.DLL
0x00007ffb4ff70000 - 0x00007ffb5026f000 	C:\Windows\System32\KERNELBASE.dll
0x00007ffb4fe70000 - 0x00007ffb4ff70000 	C:\Windows\System32\ucrtbase.dll
0x00007ffb46250000 - 0x00007ffb46268000 	c:\Users\Duongw\.vscode\extensions\redhat.java-1.40.0-win32-x64\jre\21.0.6-win32-x86_64\bin\jli.dll
0x00007ffb50df0000 - 0x00007ffb50f8d000 	C:\Windows\System32\USER32.dll
0x00007ffb35d70000 - 0x00007ffb35d8e000 	c:\Users\Duongw\.vscode\extensions\redhat.java-1.40.0-win32-x64\jre\21.0.6-win32-x86_64\bin\VCRUNTIME140.dll
0x00007ffb4fda0000 - 0x00007ffb4fdc2000 	C:\Windows\System32\win32u.dll
0x00007ffb50d10000 - 0x00007ffb50d3b000 	C:\Windows\System32\GDI32.dll
0x00007ffb31b90000 - 0x00007ffb31e2a000 	C:\Windows\WinSxS\amd64_microsoft.windows.common-controls_6595b64144ccf1df_6.0.19041.4355_none_60b8b9eb71f62e16\COMCTL32.dll
0x00007ffb50270000 - 0x00007ffb5038a000 	C:\Windows\System32\gdi32full.dll
0x00007ffb51990000 - 0x00007ffb51a2e000 	C:\Windows\System32\msvcrt.dll
0x00007ffb4fdd0000 - 0x00007ffb4fe6d000 	C:\Windows\System32\msvcp_win.dll
0x00007ffb50ce0000 - 0x00007ffb50d0f000 	C:\Windows\System32\IMM32.DLL
0x00007ffb4bb50000 - 0x00007ffb4bb5c000 	c:\Users\Duongw\.vscode\extensions\redhat.java-1.40.0-win32-x64\jre\21.0.6-win32-x86_64\bin\vcruntime140_1.dll
0x00007ffb0ec90000 - 0x00007ffb0ed1d000 	c:\Users\Duongw\.vscode\extensions\redhat.java-1.40.0-win32-x64\jre\21.0.6-win32-x86_64\bin\msvcp140.dll
0x00007ffac4cf0000 - 0x00007ffac5a80000 	c:\Users\Duongw\.vscode\extensions\redhat.java-1.40.0-win32-x64\jre\21.0.6-win32-x86_64\bin\server\jvm.dll
0x00007ffb50c30000 - 0x00007ffb50cdf000 	C:\Windows\System32\ADVAPI32.dll
0x00007ffb50d50000 - 0x00007ffb50def000 	C:\Windows\System32\sechost.dll
0x00007ffb52540000 - 0x00007ffb52663000 	C:\Windows\System32\RPCRT4.dll
0x00007ffb50580000 - 0x00007ffb505a7000 	C:\Windows\System32\bcrypt.dll
0x00007ffb517b0000 - 0x00007ffb5181b000 	C:\Windows\System32\WS2_32.dll
0x00007ffb4f6d0000 - 0x00007ffb4f71b000 	C:\Windows\SYSTEM32\POWRPROF.dll
0x00007ffb30670000 - 0x00007ffb30697000 	C:\Windows\SYSTEM32\WINMM.dll
0x00007ffb47a00000 - 0x00007ffb47a0a000 	C:\Windows\SYSTEM32\VERSION.dll
0x00007ffb4f690000 - 0x00007ffb4f6a2000 	C:\Windows\SYSTEM32\UMPDC.dll
0x00007ffb4e6e0000 - 0x00007ffb4e6f2000 	C:\Windows\SYSTEM32\kernel.appcore.dll
0x00007ffb4b730000 - 0x00007ffb4b73a000 	c:\Users\Duongw\.vscode\extensions\redhat.java-1.40.0-win32-x64\jre\21.0.6-win32-x86_64\bin\jimage.dll
0x00007ffb4d990000 - 0x00007ffb4db74000 	C:\Windows\SYSTEM32\DBGHELP.DLL
0x00007ffb2d5f0000 - 0x00007ffb2d624000 	C:\Windows\SYSTEM32\dbgcore.DLL
0x00007ffb50390000 - 0x00007ffb50412000 	C:\Windows\System32\bcryptPrimitives.dll
0x00007ffb4b200000 - 0x00007ffb4b20f000 	c:\Users\Duongw\.vscode\extensions\redhat.java-1.40.0-win32-x64\jre\21.0.6-win32-x86_64\bin\instrument.dll
0x00007ffb35d20000 - 0x00007ffb35d3f000 	c:\Users\Duongw\.vscode\extensions\redhat.java-1.40.0-win32-x64\jre\21.0.6-win32-x86_64\bin\java.dll
0x00007ffb50f90000 - 0x00007ffb516fd000 	C:\Windows\System32\SHELL32.dll
0x00007ffb4bc10000 - 0x00007ffb4c3b4000 	C:\Windows\SYSTEM32\windows.storage.dll
0x00007ffb507a0000 - 0x00007ffb50af5000 	C:\Windows\System32\combase.dll
0x00007ffb4f630000 - 0x00007ffb4f65f000 	C:\Windows\SYSTEM32\Wldp.dll
0x00007ffb50b60000 - 0x00007ffb50c2d000 	C:\Windows\System32\OLEAUT32.dll
0x00007ffb51700000 - 0x00007ffb517ad000 	C:\Windows\System32\SHCORE.dll
0x00007ffb50b00000 - 0x00007ffb50b55000 	C:\Windows\System32\shlwapi.dll
0x00007ffb4fc80000 - 0x00007ffb4fca4000 	C:\Windows\SYSTEM32\profapi.dll
0x00007ffb35d00000 - 0x00007ffb35d18000 	c:\Users\Duongw\.vscode\extensions\redhat.java-1.40.0-win32-x64\jre\21.0.6-win32-x86_64\bin\zip.dll
0x00007ffb48510000 - 0x00007ffb48520000 	C:\Users\Duongw\.vscode\extensions\redhat.java-1.40.0-win32-x64\jre\21.0.6-win32-x86_64\bin\net.dll
0x00007ffb4c840000 - 0x00007ffb4c94a000 	C:\Windows\SYSTEM32\WINHTTP.dll
0x00007ffb4f3b0000 - 0x00007ffb4f41c000 	C:\Windows\system32\mswsock.dll
0x00007ffb32020000 - 0x00007ffb32036000 	C:\Users\Duongw\.vscode\extensions\redhat.java-1.40.0-win32-x64\jre\21.0.6-win32-x86_64\bin\nio.dll
0x00007ffb47ca0000 - 0x00007ffb47cb0000 	c:\Users\Duongw\.vscode\extensions\redhat.java-1.40.0-win32-x64\jre\21.0.6-win32-x86_64\bin\verify.dll
0x00007ffb14580000 - 0x00007ffb145c5000 	C:\Users\Duongw\AppData\Roaming\Code\User\globalStorage\redhat.java\1.40.0\config_ss_win\org.eclipse.equinox.launcher\org.eclipse.equinox.launcher.win32.win32.x86_64_1.2.1200.v20250212-0927\eclipse_11909.dll
0x00007ffb52390000 - 0x00007ffb524bb000 	C:\Windows\System32\ole32.dll
0x00007ffb4f670000 - 0x00007ffb4f688000 	C:\Windows\SYSTEM32\CRYPTSP.dll
0x00007ffb4ecf0000 - 0x00007ffb4ed24000 	C:\Windows\system32\rsaenh.dll
0x00007ffb4fc00000 - 0x00007ffb4fc2e000 	C:\Windows\SYSTEM32\USERENV.dll
0x00007ffb4f5a0000 - 0x00007ffb4f5ac000 	C:\Windows\SYSTEM32\CRYPTBASE.dll
0x00007ffb4f0b0000 - 0x00007ffb4f0eb000 	C:\Windows\SYSTEM32\IPHLPAPI.DLL
0x00007ffb50d40000 - 0x00007ffb50d48000 	C:\Windows\System32\NSI.dll
0x00007ffb0e500000 - 0x00007ffb0e549000 	C:\Users\Duongw\AppData\Local\Temp\jna-2058250048\jna6169523398138101592.dll
0x00007ffb51980000 - 0x00007ffb51988000 	C:\Windows\System32\PSAPI.DLL
0x00007ffb47bd0000 - 0x00007ffb47be7000 	C:\Windows\SYSTEM32\dhcpcsvc6.DLL
0x00007ffb4a6b0000 - 0x00007ffb4a6cd000 	C:\Windows\SYSTEM32\dhcpcsvc.DLL

dbghelp: loaded successfully - version: 4.0.5 - missing functions: none
symbol engine: initialized successfully - sym options: 0x614 - pdb path: .;c:\Users\Duongw\.vscode\extensions\redhat.java-1.40.0-win32-x64\jre\21.0.6-win32-x86_64\bin;C:\Windows\SYSTEM32;C:\Windows\WinSxS\amd64_microsoft.windows.common-controls_6595b64144ccf1df_6.0.19041.4355_none_60b8b9eb71f62e16;c:\Users\Duongw\.vscode\extensions\redhat.java-1.40.0-win32-x64\jre\21.0.6-win32-x86_64\bin\server;C:\Users\Duongw\AppData\Roaming\Code\User\globalStorage\redhat.java\1.40.0\config_ss_win\org.eclipse.equinox.launcher\org.eclipse.equinox.launcher.win32.win32.x86_64_1.2.1200.v20250212-0927;C:\Users\Duongw\AppData\Local\Temp\jna-2058250048

VM Arguments:
jvm_args: --add-modules=ALL-SYSTEM --add-opens=java.base/java.util=ALL-UNNAMED --add-opens=java.base/java.lang=ALL-UNNAMED --add-opens=java.base/sun.nio.fs=ALL-UNNAMED -Declipse.application=org.eclipse.jdt.ls.core.id1 -Dosgi.bundles.defaultStartLevel=4 -Declipse.product=org.eclipse.jdt.ls.core.product -Djava.import.generatesMetadataFilesAtProjectRoot=false -DDetectVMInstallationsJob.disabled=true -Dfile.encoding=utf8 -XX:+UseParallelGC -XX:GCTimeRatio=4 -XX:AdaptiveSizePolicyWeight=90 -Dsun.zip.disableMemoryMapping=true -Xmx1G -Xms100m -Xlog:disable -javaagent:c:\Users\Duongw\.vscode\extensions\redhat.java-1.40.0-win32-x64\lombok\lombok-1.18.36.jar 
java_command: c:\Users\Duongw\.vscode\extensions\redhat.java-1.40.0-win32-x64\server\plugins\org.eclipse.equinox.launcher_1.6.1000.v20250131-0606.jar -configuration c:\Users\Duongw\AppData\Roaming\Code\User\globalStorage\redhat.java\1.40.0\config_ss_win -data c:\Users\Duongw\AppData\Roaming\Code\User\workspaceStorage\f30b8daeaab68dc3f7ffc7221e4b2ea4\redhat.java\ss_ws --pipe=\\.\pipe\lsp-7a33e2db7e890e86501dc8d180259cdf-sock
java_class_path (initial): c:\Users\Duongw\.vscode\extensions\redhat.java-1.40.0-win32-x64\server\plugins\org.eclipse.equinox.launcher_1.6.1000.v20250131-0606.jar
Launcher Type: SUN_STANDARD

[Global flags]
    uintx AdaptiveSizePolicyWeight                 = 90                                        {product} {command line}
     intx CICompilerCount                          = 4                                         {product} {ergonomic}
    uintx GCTimeRatio                              = 4                                         {product} {command line}
   size_t InitialHeapSize                          = 104857600                                 {product} {command line}
   size_t MaxHeapSize                              = 1073741824                                {product} {command line}
   size_t MaxNewSize                               = 357564416                                 {product} {ergonomic}
   size_t MinHeapDeltaBytes                        = 524288                                    {product} {ergonomic}
   size_t MinHeapSize                              = 104857600                                 {product} {command line}
   size_t NewSize                                  = 34603008                                  {product} {ergonomic}
    uintx NonNMethodCodeHeapSize                   = 5839372                                {pd product} {ergonomic}
    uintx NonProfiledCodeHeapSize                  = 122909434                              {pd product} {ergonomic}
   size_t OldSize                                  = 70254592                                  {product} {ergonomic}
    uintx ProfiledCodeHeapSize                     = 122909434                              {pd product} {ergonomic}
    uintx ReservedCodeCacheSize                    = 251658240                              {pd product} {ergonomic}
     bool SegmentedCodeCache                       = true                                      {product} {ergonomic}
   size_t SoftMaxHeapSize                          = 1073741824                             {manageable} {ergonomic}
     bool UseCompressedOops                        = true                           {product lp64_product} {ergonomic}
     bool UseLargePagesIndividualAllocation        = false                                  {pd product} {ergonomic}
     bool UseParallelGC                            = true                                      {product} {command line}

Logging:
Log output configuration:
 #0: stdout all=off uptime,level,tags foldmultilines=false
 #1: stderr all=off uptime,level,tags foldmultilines=false

Environment Variables:
JAVA_HOME=C:\Program Files\Java\jdk-17
PATH=D:\oracle\product\19c\dbhome1\bin;C:\Program Files\Common Files\Oracle\Java\javapath;C:\Program Files (x86)\Common Files\Oracle\Java\java8path;C:\Program Files (x86)\Common Files\Oracle\Java\javapath;C:\Windows\system32;C:\Windows;C:\Windows\System32\Wbem;C:\Windows\System32\WindowsPowerShell\v1.0\;C:\Windows\System32\OpenSSH\;C:\Program Files\Java\jdk-17\bin;C:\Program Files\apache-maven-3.9.4\bin;D:\Program Files\python 3.11;%MYSQL_HOME%\bin;D:\Program Files\Graphviz\bin\bin;C:\ProgramData\chocolatey\bin;C:\Users\Duongw\AppData\Roaming\nvm;C:\Program Files\nodejs;C:\Program Files\nodejs\;C:\Program Files\Git\cmd;C:\Program Files\Docker\Docker\resources\bin;C:\Program Files\dotnet\;C:\Program Files\MySQL\MySQL Shell 8.0\bin\;D:\Program Files\python 3.11\Scripts\;D:\Program Files\python 3.11\;C:\Users\Duongw\AppData\Local\Microsoft\WindowsApps;D:\Program files\IntelliJ IDEA 2023.2.2\bin;D:\Program files\Pycharm\PyCharm Community Edition 2023.2.1\bin;C:\Users\Duongw\AppData\Local\Programs\oh-my-posh\bin;D:\Program Files\python 3.11;D:\Program Files\Microsoft VScode\Microsoft VS Code\bin;D:\Program Files\DataGrip 2023.2.2\bin;D:\Program Files\Graphviz\bin;C:\Users\Duongw\AppData\Local\JetBrains\Toolbox\scripts;C:\Users\Duongw\AppData\Roaming\nvm;C:\Program Files\nodejs;C:\Users\Duongw\AppData\Roaming\npm;D:\Program Files\PyCharm 2023.3.2\bin;;D:\Program Files\WebStorm 2024.3.1\bin;;D:\Program Files\IntelliJ\IntelliJ IDEA 2024.3\bin;;D:\Program Files\OpenSSL-Win64\bin;
USERNAME=Duongw
OS=Windows_NT
PROCESSOR_IDENTIFIER=Intel64 Family 6 Model 140 Stepping 1, GenuineIntel
TMP=C:\Users\Duongw\AppData\Local\Temp
TEMP=C:\Users\Duongw\AppData\Local\Temp




Periodic native trim disabled

---------------  S Y S T E M  ---------------

OS:
 Windows 10 , 64 bit Build 19041 (10.0.19041.5438)
OS uptime: 0 days 7:37 hours
Hyper-V role detected

CPU: total 8 (initial active 8) (4 cores per cpu, 2 threads per core) family 6 model 140 stepping 1 microcode 0x9a, cx8, cmov, fxsr, ht, mmx, 3dnowpref, sse, sse2, sse3, ssse3, sse4.1, sse4.2, popcnt, lzcnt, tsc, tscinvbit, avx, avx2, aes, erms, clmul, bmi1, bmi2, adx, avx512f, avx512dq, avx512cd, avx512bw, avx512vl, sha, fma, vzeroupper, avx512_vpopcntdq, avx512_vpclmulqdq, avx512_vaes, avx512_vnni, clflush, clflushopt, clwb, avx512_vbmi2, avx512_vbmi, hv, rdtscp, rdpid, fsrm, gfni, avx512_bitalg, f16c, cet_ibt, cet_ss, avx512_ifma
Processor Information for the first 8 processors :
  Max Mhz: 2419, Current Mhz: 2419, Mhz Limit: 2419

Memory: 4k page, system-wide physical 32533M (5784M free)
TotalPageFile size 33557M (AvailPageFile size 3M)
current process WorkingSet (physical memory assigned to process): 149M, peak: 186M
current process commit charge ("private bytes"): 246M, peak: 284M

vm_info: OpenJDK 64-Bit Server VM (21.0.6+7-LTS) for windows-amd64 JRE (21.0.6+7-LTS), built on 2025-01-21T00:00:00Z by "admin" with MS VC++ 17.7 (VS2022)

END.
